2025-08-29 14:56:03,095 [Worker-2: Loading available Gradle versions] INFO  o.e.b.c.i.u.g.PublishedGradleVersions - Gradle version information cache is not available. Remote download required.
2025-08-29 14:56:54,123 [Worker-7: Building] INFO  o.e.m.c.i.l.LifecycleMappingFactory - Using org.eclipse.m2e.jdt.JarLifecycleMapping lifecycle mapping for MavenProject: payeasy.discovery:payeasy-api-gateway:0.0.1-SNAPSHOT @ C:\Users\chabr\Desktop\Payeasy\payeasy-api-gateway\pom.xml.
2025-08-29 14:56:57,412 [Worker-7: Building] INFO  o.a.m.s.f.DefaultMavenResourcesFiltering - Copying 1 resource from src\main\resources to target\classes
2025-08-29 14:56:57,444 [Worker-7: Building] INFO  o.a.m.s.f.DefaultMavenResourcesFiltering - Copying 0 resource from src\main\resources to target\classes
2025-08-29 14:56:57,470 [Worker-7: Building] INFO  o.a.m.s.f.DefaultMavenResourcesFiltering - skip non existing resourceDirectory C:\Users\chabr\Desktop\Payeasy\payeasy-api-gateway\src\test\resources
2025-08-29 14:56:58,220 [Worker-0: Building] INFO  o.a.m.s.f.DefaultMavenResourcesFiltering - Copying 1 resource from src\main\resources to target\classes
2025-08-29 14:56:58,224 [Worker-0: Building] INFO  o.a.m.s.f.DefaultMavenResourcesFiltering - Copying 0 resource from src\main\resources to target\classes
2025-08-29 14:56:58,230 [Worker-0: Building] INFO  o.a.m.s.f.DefaultMavenResourcesFiltering - skip non existing resourceDirectory C:\Users\chabr\Desktop\Payeasy\payeasy-api-gateway\src\test\resources
2025-08-29 14:56:59,696 [Worker-0: Building] INFO  o.e.m.c.i.l.LifecycleMappingFactory - Using org.eclipse.m2e.jdt.JarLifecycleMapping lifecycle mapping for MavenProject: com.example:payeasy-bill-service1:0.0.1-SNAPSHOT @ C:\Users\chabr\Desktop\Payeasy\payeasy-bill-service1\pom.xml.
2025-08-29 14:57:01,761 [Worker-0: Building] INFO  o.a.m.s.f.DefaultMavenResourcesFiltering - Copying 1 resource from src\main\resources to target\classes
2025-08-29 14:57:01,799 [Worker-0: Building] INFO  o.a.m.s.f.DefaultMavenResourcesFiltering - Copying 0 resource from src\main\resources to target\classes
2025-08-29 14:57:01,806 [Worker-0: Building] INFO  o.a.m.s.f.DefaultMavenResourcesFiltering - skip non existing resourceDirectory C:\Users\chabr\Desktop\Payeasy\payeasy-bill-service1\src\test\resources
2025-08-29 14:57:02,252 [Worker-11: Building] INFO  o.a.m.s.f.DefaultMavenResourcesFiltering - Copying 1 resource from src\main\resources to target\classes
2025-08-29 14:57:02,257 [Worker-11: Building] INFO  o.a.m.s.f.DefaultMavenResourcesFiltering - Copying 0 resource from src\main\resources to target\classes
2025-08-29 14:57:02,260 [Worker-11: Building] INFO  o.a.m.s.f.DefaultMavenResourcesFiltering - skip non existing resourceDirectory C:\Users\chabr\Desktop\Payeasy\payeasy-bill-service1\src\test\resources
2025-08-29 14:57:02,922 [Worker-11: Building] INFO  o.e.m.c.i.l.LifecycleMappingFactory - Using org.eclipse.m2e.jdt.JarLifecycleMapping lifecycle mapping for MavenProject: payeasy.discovery:payeasy-discovery-service:0.0.1-SNAPSHOT @ C:\Users\chabr\Desktop\Payeasy\payeasy-discovery-service\pom.xml.
2025-08-29 14:57:04,599 [Worker-11: Building] INFO  o.a.m.s.f.DefaultMavenResourcesFiltering - Copying 1 resource from src\main\resources to target\classes
2025-08-29 14:57:04,614 [Worker-11: Building] INFO  o.a.m.s.f.DefaultMavenResourcesFiltering - Copying 0 resource from src\main\resources to target\classes
2025-08-29 14:57:04,620 [Worker-11: Building] INFO  o.a.m.s.f.DefaultMavenResourcesFiltering - skip non existing resourceDirectory C:\Users\chabr\Desktop\Payeasy\payeasy-discovery-service\src\test\resources
2025-08-29 14:57:05,012 [Worker-0: Building] INFO  o.a.m.s.f.DefaultMavenResourcesFiltering - Copying 1 resource from src\main\resources to target\classes
2025-08-29 14:57:05,015 [Worker-0: Building] INFO  o.a.m.s.f.DefaultMavenResourcesFiltering - Copying 0 resource from src\main\resources to target\classes
2025-08-29 14:57:05,018 [Worker-0: Building] INFO  o.a.m.s.f.DefaultMavenResourcesFiltering - skip non existing resourceDirectory C:\Users\chabr\Desktop\Payeasy\payeasy-discovery-service\src\test\resources
2025-08-29 14:57:05,996 [Worker-0: Building] INFO  o.e.m.c.i.l.LifecycleMappingFactory - Using org.eclipse.m2e.jdt.JarLifecycleMapping lifecycle mapping for MavenProject: com.example:payeasy-merchant-service:0.0.1-SNAPSHOT @ C:\Users\chabr\Desktop\Payeasy\payeasy-merchant-service\pom.xml.
2025-08-29 14:57:07,702 [Worker-0: Building] INFO  o.a.m.s.f.DefaultMavenResourcesFiltering - Copying 1 resource from src\main\resources to target\classes
2025-08-29 14:57:07,717 [Worker-0: Building] INFO  o.a.m.s.f.DefaultMavenResourcesFiltering - Copying 0 resource from src\main\resources to target\classes
2025-08-29 14:57:07,722 [Worker-0: Building] INFO  o.a.m.s.f.DefaultMavenResourcesFiltering - skip non existing resourceDirectory C:\Users\chabr\Desktop\Payeasy\payeasy-merchant-service\src\test\resources
2025-08-29 14:57:08,545 [Worker-0: Building] INFO  o.e.m.c.i.l.LifecycleMappingFactory - Using org.eclipse.m2e.jdt.JarLifecycleMapping lifecycle mapping for MavenProject: com.example:payeasy-user-service:0.0.1-SNAPSHOT @ C:\Users\chabr\Desktop\Payeasy\payeasy-user-service\pom.xml.
2025-08-29 14:57:10,066 [Worker-0: Building] INFO  o.a.m.s.f.DefaultMavenResourcesFiltering - Copying 1 resource from src\main\resources to target\classes
2025-08-29 14:57:10,078 [Worker-0: Building] INFO  o.a.m.s.f.DefaultMavenResourcesFiltering - Copying 0 resource from src\main\resources to target\classes
2025-08-29 14:57:10,082 [Worker-0: Building] INFO  o.a.m.s.f.DefaultMavenResourcesFiltering - skip non existing resourceDirectory C:\Users\chabr\Desktop\Payeasy\payeasy-user-service\src\test\resources
2025-08-29 14:57:10,804 [Worker-0: Building] INFO  o.e.m.c.i.l.LifecycleMappingFactory - Using org.eclipse.m2e.jdt.JarLifecycleMapping lifecycle mapping for MavenProject: com.example:payeasy-wallet-service:0.0.1-SNAPSHOT @ C:\Users\chabr\Desktop\Payeasy\payeasy-wallet-service\pom.xml.
2025-08-29 14:57:12,323 [Worker-0: Building] INFO  o.a.m.s.f.DefaultMavenResourcesFiltering - Copying 1 resource from src\main\resources to target\classes
2025-08-29 14:57:12,366 [Worker-0: Building] INFO  o.a.m.s.f.DefaultMavenResourcesFiltering - Copying 0 resource from src\main\resources to target\classes
2025-08-29 14:57:12,373 [Worker-0: Building] INFO  o.a.m.s.f.DefaultMavenResourcesFiltering - skip non existing resourceDirectory C:\Users\chabr\Desktop\Payeasy\payeasy-wallet-service\src\test\resources
2025-08-29 14:57:13,931 [Worker-12: Building] INFO  o.a.m.s.f.DefaultMavenResourcesFiltering - Copying 1 resource from src\main\resources to target\classes
2025-08-29 14:57:13,954 [Worker-12: Building] INFO  o.a.m.s.f.DefaultMavenResourcesFiltering - Copying 0 resource from src\main\resources to target\classes
2025-08-29 14:57:13,959 [Worker-12: Building] INFO  o.a.m.s.f.DefaultMavenResourcesFiltering - skip non existing resourceDirectory C:\Users\chabr\Desktop\Payeasy\payeasy-merchant-service\src\test\resources
2025-08-29 14:57:14,288 [Worker-12: Building] INFO  o.a.m.s.f.DefaultMavenResourcesFiltering - Copying 1 resource from src\main\resources to target\classes
2025-08-29 14:57:14,292 [Worker-12: Building] INFO  o.a.m.s.f.DefaultMavenResourcesFiltering - Copying 0 resource from src\main\resources to target\classes
2025-08-29 14:57:14,296 [Worker-12: Building] INFO  o.a.m.s.f.DefaultMavenResourcesFiltering - skip non existing resourceDirectory C:\Users\chabr\Desktop\Payeasy\payeasy-user-service\src\test\resources
2025-08-29 14:57:14,616 [Worker-12: Building] INFO  o.a.m.s.f.DefaultMavenResourcesFiltering - Copying 1 resource from src\main\resources to target\classes
2025-08-29 14:57:14,621 [Worker-12: Building] INFO  o.a.m.s.f.DefaultMavenResourcesFiltering - Copying 0 resource from src\main\resources to target\classes
2025-08-29 14:57:14,626 [Worker-12: Building] INFO  o.a.m.s.f.DefaultMavenResourcesFiltering - skip non existing resourceDirectory C:\Users\chabr\Desktop\Payeasy\payeasy-wallet-service\src\test\resources
2025-08-29 14:57:35,908 [Worker-5: Building] INFO  o.e.m.c.i.l.LifecycleMappingFactory - Using org.eclipse.m2e.jdt.JarLifecycleMapping lifecycle mapping for MavenProject: com.example:payeasy-bill-service1:0.0.1-SNAPSHOT @ C:\Users\chabr\Desktop\Payeasy\payeasy-bill-service1\pom.xml.
2025-08-29 14:57:37,323 [Worker-5: Building] INFO  o.a.m.s.f.DefaultMavenResourcesFiltering - Copying 1 resource from src\main\resources to target\classes
2025-08-29 14:57:37,327 [Worker-5: Building] INFO  o.a.m.s.f.DefaultMavenResourcesFiltering - Copying 0 resource from src\main\resources to target\classes
2025-08-29 14:57:37,329 [Worker-5: Building] INFO  o.a.m.s.f.DefaultMavenResourcesFiltering - skip non existing resourceDirectory C:\Users\chabr\Desktop\Payeasy\payeasy-bill-service1\src\test\resources
2025-08-29 14:57:40,085 [Worker-6: Building] INFO  o.a.m.s.f.DefaultMavenResourcesFiltering - Copying 1 resource from src\main\resources to target\classes
2025-08-29 14:57:40,096 [Worker-6: Building] INFO  o.a.m.s.f.DefaultMavenResourcesFiltering - Copying 0 resource from src\main\resources to target\classes
2025-08-29 14:57:40,100 [Worker-6: Building] INFO  o.a.m.s.f.DefaultMavenResourcesFiltering - skip non existing resourceDirectory C:\Users\chabr\Desktop\Payeasy\payeasy-bill-service1\src\test\resources
2025-08-29 15:02:20,387 [Worker-3: Building] INFO  o.a.m.s.f.DefaultMavenResourcesFiltering - Copying 1 resource from src\main\resources to target\classes
2025-08-29 15:02:20,396 [Worker-3: Building] INFO  o.a.m.s.f.DefaultMavenResourcesFiltering - Copying 0 resource from src\main\resources to target\classes
2025-08-29 15:02:20,400 [Worker-3: Building] INFO  o.a.m.s.f.DefaultMavenResourcesFiltering - skip non existing resourceDirectory C:\Users\chabr\Desktop\Payeasy\payeasy-user-service\src\test\resources
2025-08-29 15:03:10,862 [Worker-14: Ready state poller] ERROR reactor.core.publisher.Operators - Operator called default onErrorDropped
reactor.core.Exceptions$ErrorCallbackNotImplemented: java.lang.IllegalStateException: serverCapabilities unexpectedly null after initialization
Caused by: java.lang.IllegalStateException: serverCapabilities unexpectedly null after initialization
	at org.eclipse.lsp4e.LanguageServerWrapper.lambda$19(LanguageServerWrapper.java:1024)
	at java.base/java.util.concurrent.CompletableFuture.uniComposeStage(CompletableFuture.java:1187)
	at java.base/java.util.concurrent.CompletableFuture.thenCompose(CompletableFuture.java:2341)
	at org.eclipse.lsp4e.LanguageServerWrapper.getServerCapabilitiesAsync(LanguageServerWrapper.java:1018)
	at org.eclipse.lsp4e.LanguageServiceAccessor.capabilitiesComplyAsync(LanguageServiceAccessor.java:226)
	at org.eclipse.lsp4e.LanguageServiceAccessor.getStartedWrappersAsync(LanguageServiceAccessor.java:475)
	at org.eclipse.lsp4e.LanguageServiceAccessor.getStartedWrappersAsync(LanguageServiceAccessor.java:461)
	at org.eclipse.lsp4e.LanguageServers$LanguageServerProjectExecutor.getServers(LanguageServers.java:332)
	at org.eclipse.lsp4e.LanguageServers.executeOnServers(LanguageServers.java:441)
	at org.eclipse.lsp4e.LanguageServers.collectAll(LanguageServers.java:92)
	at org.eclipse.lsp4e.LanguageServers.collectAll(LanguageServers.java:75)
	at org.springframework.ide.eclipse.boot.dash.liveprocess.DefaultLiveProcessCommandExecutor.executeCommand(DefaultLiveProcessCommandExecutor.java:54)
	at org.springframework.ide.eclipse.boot.dash.BootDashActivator$1.stateChanged(BootDashActivator.java:219)
	at org.springframework.ide.eclipse.boot.dash.BootDashActivator$1.stateChanged(BootDashActivator.java:1)
	at org.springframework.ide.eclipse.boot.dash.util.RunStateTracker.updateOwnerStatesAndFireEvents(RunStateTracker.java:216)
	at org.springframework.ide.eclipse.boot.dash.util.RunStateTracker$1.gotValue(RunStateTracker.java:151)
	at org.springframework.ide.eclipse.boot.dash.util.RunStateTracker$1.gotValue(RunStateTracker.java:1)
	at org.springsource.ide.eclipse.commons.livexp.core.LiveExpression.changed(LiveExpression.java:137)
	at org.springsource.ide.eclipse.commons.livexp.core.LiveExpression.refresh(LiveExpression.java:81)
	at org.springsource.ide.eclipse.commons.livexp.core.LiveVariable.setValue(LiveVariable.java:46)
	at org.springframework.ide.eclipse.boot.dash.util.AbstractPollingAppReadyStateMonitor$1.run(AbstractPollingAppReadyStateMonitor.java:51)
	at org.eclipse.core.internal.jobs.Worker.run(Worker.java:63)
2025-08-29 15:08:58,152 [Worker-18: Building] INFO  o.a.m.s.f.DefaultMavenResourcesFiltering - Copying 1 resource from src\main\resources to target\classes
2025-08-29 15:08:58,161 [Worker-18: Building] INFO  o.a.m.s.f.DefaultMavenResourcesFiltering - Copying 0 resource from src\main\resources to target\classes
2025-08-29 15:08:58,165 [Worker-18: Building] INFO  o.a.m.s.f.DefaultMavenResourcesFiltering - skip non existing resourceDirectory C:\Users\chabr\Desktop\Payeasy\payeasy-merchant-service\src\test\resources
2025-08-29 15:09:43,862 [Worker-14: Building] INFO  o.a.m.s.f.DefaultMavenResourcesFiltering - Copying 1 resource from src\main\resources to target\classes
2025-08-29 15:09:43,870 [Worker-14: Building] INFO  o.a.m.s.f.DefaultMavenResourcesFiltering - Copying 0 resource from src\main\resources to target\classes
2025-08-29 15:09:43,874 [Worker-14: Building] INFO  o.a.m.s.f.DefaultMavenResourcesFiltering - skip non existing resourceDirectory C:\Users\chabr\Desktop\Payeasy\payeasy-merchant-service\src\test\resources
2025-08-29 15:10:15,796 [Worker-1: Building] INFO  o.a.m.s.f.DefaultMavenResourcesFiltering - Copying 1 resource from src\main\resources to target\classes
2025-08-29 15:10:15,803 [Worker-1: Building] INFO  o.a.m.s.f.DefaultMavenResourcesFiltering - Copying 0 resource from src\main\resources to target\classes
2025-08-29 15:10:15,806 [Worker-1: Building] INFO  o.a.m.s.f.DefaultMavenResourcesFiltering - skip non existing resourceDirectory C:\Users\chabr\Desktop\Payeasy\payeasy-merchant-service\src\test\resources
2025-08-29 15:10:36,779 [Worker-1: Building] INFO  o.a.m.s.f.DefaultMavenResourcesFiltering - Copying 1 resource from src\main\resources to target\classes
2025-08-29 15:10:36,786 [Worker-1: Building] INFO  o.a.m.s.f.DefaultMavenResourcesFiltering - Copying 0 resource from src\main\resources to target\classes
2025-08-29 15:10:36,790 [Worker-1: Building] INFO  o.a.m.s.f.DefaultMavenResourcesFiltering - skip non existing resourceDirectory C:\Users\chabr\Desktop\Payeasy\payeasy-merchant-service\src\test\resources
2025-08-29 15:10:49,376 [Worker-15: Building] INFO  o.a.m.s.f.DefaultMavenResourcesFiltering - Copying 1 resource from src\main\resources to target\classes
2025-08-29 15:10:49,384 [Worker-15: Building] INFO  o.a.m.s.f.DefaultMavenResourcesFiltering - Copying 0 resource from src\main\resources to target\classes
2025-08-29 15:10:49,387 [Worker-15: Building] INFO  o.a.m.s.f.DefaultMavenResourcesFiltering - skip non existing resourceDirectory C:\Users\chabr\Desktop\Payeasy\payeasy-merchant-service\src\test\resources
2025-08-29 15:12:26,943 [Worker-15: Building] INFO  o.a.m.s.f.DefaultMavenResourcesFiltering - Copying 1 resource from src\main\resources to target\classes
2025-08-29 15:12:26,955 [Worker-15: Building] INFO  o.a.m.s.f.DefaultMavenResourcesFiltering - Copying 0 resource from src\main\resources to target\classes
2025-08-29 15:12:26,959 [Worker-15: Building] INFO  o.a.m.s.f.DefaultMavenResourcesFiltering - skip non existing resourceDirectory C:\Users\chabr\Desktop\Payeasy\payeasy-merchant-service\src\test\resources
2025-08-29 15:12:34,612 [Worker-1: Building] INFO  o.a.m.s.f.DefaultMavenResourcesFiltering - Copying 1 resource from src\main\resources to target\classes
2025-08-29 15:12:34,623 [Worker-1: Building] INFO  o.a.m.s.f.DefaultMavenResourcesFiltering - Copying 0 resource from src\main\resources to target\classes
2025-08-29 15:12:34,627 [Worker-1: Building] INFO  o.a.m.s.f.DefaultMavenResourcesFiltering - skip non existing resourceDirectory C:\Users\chabr\Desktop\Payeasy\payeasy-merchant-service\src\test\resources
2025-08-29 15:13:04,986 [Worker-16: Building] INFO  o.a.m.s.f.DefaultMavenResourcesFiltering - Copying 1 resource from src\main\resources to target\classes
2025-08-29 15:13:04,994 [Worker-16: Building] INFO  o.a.m.s.f.DefaultMavenResourcesFiltering - Copying 0 resource from src\main\resources to target\classes
2025-08-29 15:13:04,998 [Worker-16: Building] INFO  o.a.m.s.f.DefaultMavenResourcesFiltering - skip non existing resourceDirectory C:\Users\chabr\Desktop\Payeasy\payeasy-merchant-service\src\test\resources
2025-08-29 15:19:07,676 [Worker-15: Building] INFO  o.a.m.s.f.DefaultMavenResourcesFiltering - Copying 1 resource from src\main\resources to target\classes
2025-08-29 15:19:07,708 [Worker-15: Building] INFO  o.a.m.s.f.DefaultMavenResourcesFiltering - Copying 0 resource from src\main\resources to target\classes
2025-08-29 15:19:07,717 [Worker-15: Building] INFO  o.a.m.s.f.DefaultMavenResourcesFiltering - skip non existing resourceDirectory C:\Users\chabr\Desktop\Payeasy\payeasy-merchant-service\src\test\resources
2025-08-29 15:25:15,076 [Worker-18: Building] INFO  o.a.m.s.f.DefaultMavenResourcesFiltering - Copying 1 resource from src\main\resources to target\classes
2025-08-29 15:25:15,088 [Worker-18: Building] INFO  o.a.m.s.f.DefaultMavenResourcesFiltering - Copying 0 resource from src\main\resources to target\classes
2025-08-29 15:25:15,091 [Worker-18: Building] INFO  o.a.m.s.f.DefaultMavenResourcesFiltering - skip non existing resourceDirectory C:\Users\chabr\Desktop\Payeasy\payeasy-merchant-service\src\test\resources
2025-08-29 15:25:39,494 [Worker-3: Building] INFO  o.a.m.s.f.DefaultMavenResourcesFiltering - Copying 1 resource from src\main\resources to target\classes
2025-08-29 15:25:39,501 [Worker-3: Building] INFO  o.a.m.s.f.DefaultMavenResourcesFiltering - Copying 0 resource from src\main\resources to target\classes
2025-08-29 15:25:39,505 [Worker-3: Building] INFO  o.a.m.s.f.DefaultMavenResourcesFiltering - skip non existing resourceDirectory C:\Users\chabr\Desktop\Payeasy\payeasy-merchant-service\src\test\resources
2025-08-29 15:39:58,110 [Worker-21: Building] INFO  o.a.m.s.f.DefaultMavenResourcesFiltering - Copying 1 resource from src\main\resources to target\classes
2025-08-29 15:39:58,125 [Worker-21: Building] INFO  o.a.m.s.f.DefaultMavenResourcesFiltering - Copying 0 resource from src\main\resources to target\classes
2025-08-29 15:39:58,129 [Worker-21: Building] INFO  o.a.m.s.f.DefaultMavenResourcesFiltering - skip non existing resourceDirectory C:\Users\chabr\Desktop\Payeasy\payeasy-bill-service1\src\test\resources
2025-08-29 15:40:03,549 [Worker-20: Building] INFO  o.a.m.s.f.DefaultMavenResourcesFiltering - Copying 1 resource from src\main\resources to target\classes
2025-08-29 15:40:03,559 [Worker-20: Building] INFO  o.a.m.s.f.DefaultMavenResourcesFiltering - Copying 0 resource from src\main\resources to target\classes
2025-08-29 15:40:03,563 [Worker-20: Building] INFO  o.a.m.s.f.DefaultMavenResourcesFiltering - skip non existing resourceDirectory C:\Users\chabr\Desktop\Payeasy\payeasy-bill-service1\src\test\resources
2025-08-29 15:40:07,001 [Worker-19: Building] INFO  o.a.m.s.f.DefaultMavenResourcesFiltering - Copying 1 resource from src\main\resources to target\classes
2025-08-29 15:40:07,010 [Worker-19: Building] INFO  o.a.m.s.f.DefaultMavenResourcesFiltering - Copying 0 resource from src\main\resources to target\classes
2025-08-29 15:40:07,014 [Worker-19: Building] INFO  o.a.m.s.f.DefaultMavenResourcesFiltering - skip non existing resourceDirectory C:\Users\chabr\Desktop\Payeasy\payeasy-bill-service1\src\test\resources
2025-09-01 14:33:55,230 [Worker-4: Loading available Gradle versions] INFO  o.e.b.c.i.u.g.PublishedGradleVersions - Gradle version information cache is out-of-date. Trying to update.
2025-09-01 14:37:35,824 [Worker-7: Building] INFO  o.a.m.s.f.DefaultMavenResourcesFiltering - Copying 1 resource from src\main\resources to target\classes
2025-09-01 14:37:35,840 [Worker-7: Building] INFO  o.a.m.s.f.DefaultMavenResourcesFiltering - Copying 0 resource from src\main\resources to target\classes
2025-09-01 14:37:35,845 [Worker-7: Building] INFO  o.a.m.s.f.DefaultMavenResourcesFiltering - skip non existing resourceDirectory C:\Users\chabr\Desktop\Payeasy\payeasy-bill-service1\src\test\resources
2025-09-01 14:37:40,053 [Worker-1: Building] INFO  o.a.m.s.f.DefaultMavenResourcesFiltering - Copying 1 resource from src\main\resources to target\classes
2025-09-01 14:37:40,062 [Worker-1: Building] INFO  o.a.m.s.f.DefaultMavenResourcesFiltering - Copying 0 resource from src\main\resources to target\classes
2025-09-01 14:37:40,067 [Worker-1: Building] INFO  o.a.m.s.f.DefaultMavenResourcesFiltering - skip non existing resourceDirectory C:\Users\chabr\Desktop\Payeasy\payeasy-bill-service1\src\test\resources
2025-09-01 14:38:34,121 [Worker-6: Building] INFO  o.a.m.s.f.DefaultMavenResourcesFiltering - Copying 1 resource from src\main\resources to target\classes
2025-09-01 14:38:34,135 [Worker-6: Building] INFO  o.a.m.s.f.DefaultMavenResourcesFiltering - Copying 0 resource from src\main\resources to target\classes
2025-09-01 14:38:34,141 [Worker-6: Building] INFO  o.a.m.s.f.DefaultMavenResourcesFiltering - skip non existing resourceDirectory C:\Users\chabr\Desktop\Payeasy\payeasy-bill-service1\src\test\resources
2025-09-01 14:38:38,400 [Worker-6: Building] INFO  o.a.m.s.f.DefaultMavenResourcesFiltering - Copying 1 resource from src\main\resources to target\classes
2025-09-01 14:38:38,409 [Worker-6: Building] INFO  o.a.m.s.f.DefaultMavenResourcesFiltering - Copying 0 resource from src\main\resources to target\classes
2025-09-01 14:38:38,413 [Worker-6: Building] INFO  o.a.m.s.f.DefaultMavenResourcesFiltering - skip non existing resourceDirectory C:\Users\chabr\Desktop\Payeasy\payeasy-bill-service1\src\test\resources
2025-09-01 14:39:06,925 [Worker-6: Building] INFO  o.a.m.s.f.DefaultMavenResourcesFiltering - Copying 1 resource from src\main\resources to target\classes
2025-09-01 14:39:06,933 [Worker-6: Building] INFO  o.a.m.s.f.DefaultMavenResourcesFiltering - Copying 0 resource from src\main\resources to target\classes
2025-09-01 14:39:06,937 [Worker-6: Building] INFO  o.a.m.s.f.DefaultMavenResourcesFiltering - skip non existing resourceDirectory C:\Users\chabr\Desktop\Payeasy\payeasy-bill-service1\src\test\resources
2025-09-01 14:39:10,639 [Worker-7: Building] INFO  o.a.m.s.f.DefaultMavenResourcesFiltering - Copying 1 resource from src\main\resources to target\classes
2025-09-01 14:39:10,647 [Worker-7: Building] INFO  o.a.m.s.f.DefaultMavenResourcesFiltering - Copying 0 resource from src\main\resources to target\classes
2025-09-01 14:39:10,653 [Worker-7: Building] INFO  o.a.m.s.f.DefaultMavenResourcesFiltering - skip non existing resourceDirectory C:\Users\chabr\Desktop\Payeasy\payeasy-bill-service1\src\test\resources
2025-09-01 14:39:39,930 [Worker-7: Building] INFO  o.a.m.s.f.DefaultMavenResourcesFiltering - Copying 1 resource from src\main\resources to target\classes
2025-09-01 14:39:39,970 [Worker-7: Building] INFO  o.a.m.s.f.DefaultMavenResourcesFiltering - Copying 0 resource from src\main\resources to target\classes
2025-09-01 14:39:39,977 [Worker-7: Building] INFO  o.a.m.s.f.DefaultMavenResourcesFiltering - skip non existing resourceDirectory C:\Users\chabr\Desktop\Payeasy\payeasy-bill-service1\src\test\resources
2025-09-01 14:39:44,423 [Worker-1: Building] INFO  o.a.m.s.f.DefaultMavenResourcesFiltering - Copying 1 resource from src\main\resources to target\classes
2025-09-01 14:39:44,431 [Worker-1: Building] INFO  o.a.m.s.f.DefaultMavenResourcesFiltering - Copying 0 resource from src\main\resources to target\classes
2025-09-01 14:39:44,439 [Worker-1: Building] INFO  o.a.m.s.f.DefaultMavenResourcesFiltering - skip non existing resourceDirectory C:\Users\chabr\Desktop\Payeasy\payeasy-bill-service1\src\test\resources
2025-09-01 14:42:13,309 [Worker-15: Building] INFO  o.a.m.s.f.DefaultMavenResourcesFiltering - Copying 1 resource from src\main\resources to target\classes
2025-09-01 14:42:13,321 [Worker-15: Building] INFO  o.a.m.s.f.DefaultMavenResourcesFiltering - Copying 0 resource from src\main\resources to target\classes
2025-09-01 14:42:13,326 [Worker-15: Building] INFO  o.a.m.s.f.DefaultMavenResourcesFiltering - skip non existing resourceDirectory C:\Users\chabr\Desktop\Payeasy\payeasy-bill-service1\src\test\resources
2025-09-01 14:43:39,152 [Worker-17: Building] INFO  o.a.m.s.f.DefaultMavenResourcesFiltering - Copying 1 resource from src\main\resources to target\classes
2025-09-01 14:43:39,193 [Worker-17: Building] INFO  o.a.m.s.f.DefaultMavenResourcesFiltering - Copying 0 resource from src\main\resources to target\classes
2025-09-01 14:43:39,199 [Worker-17: Building] INFO  o.a.m.s.f.DefaultMavenResourcesFiltering - skip non existing resourceDirectory C:\Users\chabr\Desktop\Payeasy\payeasy-user-service\src\test\resources
2025-09-01 14:45:45,641 [Worker-17: Ready state poller] ERROR reactor.core.publisher.Operators - Operator called default onErrorDropped
reactor.core.Exceptions$ErrorCallbackNotImplemented: java.lang.IllegalStateException: serverCapabilities unexpectedly null after initialization
Caused by: java.lang.IllegalStateException: serverCapabilities unexpectedly null after initialization
	at org.eclipse.lsp4e.LanguageServerWrapper.lambda$19(LanguageServerWrapper.java:1024)
	at java.base/java.util.concurrent.CompletableFuture.uniComposeStage(CompletableFuture.java:1187)
	at java.base/java.util.concurrent.CompletableFuture.thenCompose(CompletableFuture.java:2341)
	at org.eclipse.lsp4e.LanguageServerWrapper.getServerCapabilitiesAsync(LanguageServerWrapper.java:1018)
	at org.eclipse.lsp4e.LanguageServiceAccessor.capabilitiesComplyAsync(LanguageServiceAccessor.java:226)
	at org.eclipse.lsp4e.LanguageServiceAccessor.getStartedWrappersAsync(LanguageServiceAccessor.java:475)
	at org.eclipse.lsp4e.LanguageServiceAccessor.getStartedWrappersAsync(LanguageServiceAccessor.java:461)
	at org.eclipse.lsp4e.LanguageServers$LanguageServerProjectExecutor.getServers(LanguageServers.java:332)
	at org.eclipse.lsp4e.LanguageServers.executeOnServers(LanguageServers.java:441)
	at org.eclipse.lsp4e.LanguageServers.collectAll(LanguageServers.java:92)
	at org.eclipse.lsp4e.LanguageServers.collectAll(LanguageServers.java:75)
	at org.springframework.ide.eclipse.boot.dash.liveprocess.DefaultLiveProcessCommandExecutor.executeCommand(DefaultLiveProcessCommandExecutor.java:54)
	at org.springframework.ide.eclipse.boot.dash.BootDashActivator$1.stateChanged(BootDashActivator.java:219)
	at org.springframework.ide.eclipse.boot.dash.BootDashActivator$1.stateChanged(BootDashActivator.java:1)
	at org.springframework.ide.eclipse.boot.dash.util.RunStateTracker.updateOwnerStatesAndFireEvents(RunStateTracker.java:216)
	at org.springframework.ide.eclipse.boot.dash.util.RunStateTracker$1.gotValue(RunStateTracker.java:151)
	at org.springframework.ide.eclipse.boot.dash.util.RunStateTracker$1.gotValue(RunStateTracker.java:1)
	at org.springsource.ide.eclipse.commons.livexp.core.LiveExpression.changed(LiveExpression.java:137)
	at org.springsource.ide.eclipse.commons.livexp.core.LiveExpression.refresh(LiveExpression.java:81)
	at org.springsource.ide.eclipse.commons.livexp.core.LiveVariable.setValue(LiveVariable.java:46)
	at org.springframework.ide.eclipse.boot.dash.util.AbstractPollingAppReadyStateMonitor$1.run(AbstractPollingAppReadyStateMonitor.java:51)
	at org.eclipse.core.internal.jobs.Worker.run(Worker.java:63)
2025-09-01 14:47:35,253 [Worker-23: Building] INFO  o.a.m.s.f.DefaultMavenResourcesFiltering - Copying 1 resource from src\main\resources to target\classes
2025-09-01 14:47:35,293 [Worker-23: Building] INFO  o.a.m.s.f.DefaultMavenResourcesFiltering - Copying 0 resource from src\main\resources to target\classes
2025-09-01 14:47:35,301 [Worker-23: Building] INFO  o.a.m.s.f.DefaultMavenResourcesFiltering - skip non existing resourceDirectory C:\Users\chabr\Desktop\Payeasy\payeasy-wallet-service\src\test\resources
